<?xml version="1.0" encoding="UTF-8"?>
<!-- Generated by org.testng.reporters.JUnitXMLReporter -->
<testsuite ignored="0" hostname="EMB-BAN-880" failures="0" tests="7" name="End to End Test" time="70.63" errors="0" timestamp="2022-05-08T22:49:28 IST">
  <testcase classname="Testcases.SimpleEndToEndTest" name="LoginTheCustomer" time="6.757"/>
  <testcase classname="Testcases.SimpleEndToEndTest" name="AddTheProductForCheckout" time="7.906"/>
  <testcase classname="Testcases.SimpleEndToEndTest" name="MovetoCheckoutAndConfirmTheShippingAndBillingAddress" time="8.925"/>
  <testcase classname="Testcases.SimpleEndToEndTest" name="SelectDeliveryOption" time="5.581"/>
  <testcase classname="Testcases.SimpleEndToEndTest" name="SelectKNET" time="10.385"/>
  <testcase classname="Testcases.SimpleEndToEndTest" name="EnterKNETCardDetailsAndSubmit" time="28.246"/>
  <testcase classname="Testcases.SimpleEndToEndTest" name="VerifyTheOrderOnMyAccount" time="2.774"/>
</testsuite> <!-- End to End Test -->
