<?xml version="1.0" encoding="UTF-8"?>
<!-- Generated by org.testng.reporters.JUnitXMLReporter -->
<testsuite ignored="0" hostname="EMB-BAN-880" failures="0" tests="7" name="Test" time="0.043" errors="0" timestamp="2022-05-20T14:54:16 IST">
  <testcase classname="base.Base" name="@BeforeSuite launchTheBrowser" time="0.006">
    <failure type="java.lang.NullPointerException" message="Cannot invoke &amp;quot;String.equalsIgnoreCase(String)&amp;quot; because &amp;quot;this.browser&amp;quot; is null">
      <![CDATA[java.lang.NullPointerException: Cannot invoke "String.equalsIgnoreCase(String)" because "this.browser" is null
at base.Base.launchTheBrowser(Base.java:44)
... Removed 19 stack frames]]>
    </failure>
  </testcase> <!-- @BeforeSuite launchTheBrowser -->
  <testcase classname="base.Base" name="@AfterMethod afterClass" time="-1.653038656355E9">
    <skipped/>
  </testcase> <!-- @AfterMethod afterClass -->
  <testcase classname="Testcases.SimpleEndToEndTest" name="LoginTheCustomer" time="0.0">
    <skipped/>
  </testcase> <!-- LoginTheCustomer -->
  <testcase classname="Testcases.SimpleEndToEndTest" name="AddTheProductForCheckout" time="0.0">
    <skipped/>
  </testcase> <!-- AddTheProductForCheckout -->
  <testcase classname="Testcases.SimpleEndToEndTest" name="MovetoCheckoutAndConfirmTheShippingAndBillingAddress" time="0.0">
    <skipped/>
  </testcase> <!-- MovetoCheckoutAndConfirmTheShippingAndBillingAddress -->
  <testcase classname="Testcases.SimpleEndToEndTest" name="SelectDeliveryOption" time="0.0">
    <skipped/>
  </testcase> <!-- SelectDeliveryOption -->
  <testcase classname="Testcases.SimpleEndToEndTest" name="SelectKNET" time="0.0">
    <skipped/>
  </testcase> <!-- SelectKNET -->
  <testcase classname="Testcases.SimpleEndToEndTest" name="EnterKNETCardDetailsAndSubmit" time="0.0">
    <skipped/>
  </testcase> <!-- EnterKNETCardDetailsAndSubmit -->
  <testcase classname="Testcases.SimpleEndToEndTest" name="VerifyTheOrderOnMyAccount" time="0.0">
    <skipped/>
  </testcase> <!-- VerifyTheOrderOnMyAccount -->
</testsuite> <!-- Test -->
